<?xml version="1.0" encoding="UTF-8"?>
<testsuite xmlns:xsi="http://www.w3.org/2001/XMLSchema-instance" xsi:schemaLocation="https://maven.apache.org/surefire/maven-surefire-plugin/xsd/surefire-test-report.xsd" name="TestSuite" time="97.912" tests="7" errors="0" skipped="0" failures="0">
  <properties>
    <property name="java.runtime.name" value="Java(TM) SE Runtime Environment"/>
    <property name="sun.boot.library.path" value="C:\Program Files\Java\jdk1.8.0_144\jre\bin"/>
    <property name="java.vm.version" value="25.144-b01"/>
    <property name="java.vm.vendor" value="Oracle Corporation"/>
    <property name="maven.multiModuleProjectDirectory" value="F:\TestNG\com.demo"/>
    <property name="java.vendor.url" value="http://java.oracle.com/"/>
    <property name="path.separator" value=";"/>
    <property name="guice.disable.misplaced.annotation.check" value="true"/>
    <property name="java.vm.name" value="Java HotSpot(TM) 64-Bit Server VM"/>
    <property name="file.encoding.pkg" value="sun.io"/>
    <property name="user.script" value=""/>
    <property name="user.country" value="US"/>
    <property name="sun.java.launcher" value="SUN_STANDARD"/>
    <property name="sun.os.patch.level" value="Service Pack 1"/>
    <property name="java.vm.specification.name" value="Java Virtual Machine Specification"/>
    <property name="user.dir" value="F:\TestNG\com.demo"/>
    <property name="java.runtime.version" value="1.8.0_144-b01"/>
    <property name="java.awt.graphicsenv" value="sun.awt.Win32GraphicsEnvironment"/>
    <property name="java.endorsed.dirs" value="C:\Program Files\Java\jdk1.8.0_144\jre\lib\endorsed"/>
    <property name="os.arch" value="amd64"/>
    <property name="java.io.tmpdir" value="C:\Users\lapcare\AppData\Local\Temp\"/>
    <property name="line.separator" value="&#10;"/>
    <property name="java.vm.specification.vendor" value="Oracle Corporation"/>
    <property name="user.variant" value=""/>
    <property name="os.name" value="Windows 7"/>
    <property name="classworlds.conf" value="F:\TestNG\.metadata\.plugins\org.eclipse.m2e.launching\launches\m2conf451734488689706768.tmp"/>
    <property name="sun.jnu.encoding" value="Cp1252"/>
    <property name="java.library.path" value="C:\Program Files\Java\jdk1.8.0_144\bin;C:\Windows\Sun\Java\bin;C:\Windows\system32;C:\Windows;C:/Program Files (x86)/java/bin/server;C:/Program Files (x86)/java/bin;C:/Program Files (x86)/java/lib/amd64;C:\ProgramData\Oracle\Java\javapath;C:\Windows\system32;C:\Windows;C:\Windows\System32\Wbem;C:\Windows\System32\WindowsPowerShell\v1.0\;C:\Program Files\nodejs\;C:\ProgramData\chocolatey\bin;C:\Program Files (x86)\Yarn\bin\;C:\Program Files\Git\cmd;C:\Users\lapcare\AppData\Roaming\npm;C:\Users\lapcare\AppData\Local\Yarn\bin;C:\Users\lapcare\AppData\Local\Programs\Microsoft VS Code\bin;C:\Program Files (x86)\eclipse;;."/>
    <property name="java.specification.name" value="Java Platform API Specification"/>
    <property name="java.class.version" value="52.0"/>
    <property name="sun.management.compiler" value="HotSpot 64-Bit Tiered Compilers"/>
    <property name="os.version" value="6.1"/>
    <property name="user.home" value="C:\Users\lapcare"/>
    <property name="user.timezone" value="Asia/Calcutta"/>
    <property name="java.awt.printerjob" value="sun.awt.windows.WPrinterJob"/>
    <property name="java.specification.version" value="1.8"/>
    <property name="file.encoding" value="Cp1252"/>
    <property name="user.name" value="lapcare"/>
    <property name="java.class.path" value="C:\Program Files (x86)\eclipse\plugins\org.eclipse.m2e.maven.runtime_1.8.2.20171007-0216\jars\plexus-classworlds-2.5.2.jar"/>
    <property name="java.vm.specification.version" value="1.8"/>
    <property name="sun.arch.data.model" value="64"/>
    <property name="java.home" value="C:\Program Files\Java\jdk1.8.0_144\jre"/>
    <property name="sun.java.command" value="org.codehaus.plexus.classworlds.launcher.Launcher -B test"/>
    <property name="java.specification.vendor" value="Oracle Corporation"/>
    <property name="user.language" value="en"/>
    <property name="awt.toolkit" value="sun.awt.windows.WToolkit"/>
    <property name="java.vm.info" value="mixed mode"/>
    <property name="java.version" value="1.8.0_144"/>
    <property name="java.ext.dirs" value="C:\Program Files\Java\jdk1.8.0_144\jre\lib\ext;C:\Windows\Sun\Java\lib\ext"/>
    <property name="sun.boot.class.path" value="C:\Program Files (x86)\java\lib\resources.jar;C:\Program Files (x86)\java\lib\rt.jar;C:\Program Files (x86)\java\lib\jsse.jar;C:\Program Files (x86)\java\lib\jce.jar;C:\Program Files (x86)\java\lib\charsets.jar;C:\Program Files (x86)\java\lib\jfr.jar;C:\Program Files (x86)\java\lib\ext\access-bridge-64.jar;C:\Program Files (x86)\java\lib\ext\cldrdata.jar;C:\Program Files (x86)\java\lib\ext\dnsns.jar;C:\Program Files (x86)\java\lib\ext\jaccess.jar;C:\Program Files (x86)\java\lib\ext\jfxrt.jar;C:\Program Files (x86)\java\lib\ext\localedata.jar;C:\Program Files (x86)\java\lib\ext\nashorn.jar;C:\Program Files (x86)\java\lib\ext\sunec.jar;C:\Program Files (x86)\java\lib\ext\sunjce_provider.jar;C:\Program Files (x86)\java\lib\ext\sunmscapi.jar;C:\Program Files (x86)\java\lib\ext\sunpkcs11.jar;C:\Program Files (x86)\java\lib\ext\zipfs.jar"/>
    <property name="java.vendor" value="Oracle Corporation"/>
    <property name="maven.home" value="F:\TestNG\com.demo\EMBEDDED"/>
    <property name="file.separator" value="\"/>
    <property name="java.vendor.url.bug" value="http://bugreport.sun.com/bugreport/"/>
    <property name="sun.cpu.endian" value="little"/>
    <property name="sun.io.unicode.encoding" value="UnicodeLittle"/>
    <property name="sun.desktop" value="windows"/>
    <property name="sun.cpu.isalist" value="amd64"/>
  </properties>
  <testcase name="loginTest" classname="com.maven1.com.demo.LoginTest" time="5.653"/>
  <testcase name="verifyCourses" classname="com.maven1.com.demo.DashboardPageTest" time="0.787"/>
  <testcase name="verifyDeleteButton" classname="com.maven1.com.demo.UserPageTest" time="4.884"/>
  <testcase name="LinksVerify" classname="com.maven1.com.demo.DownloadPageTest" time="1.741"/>
  <testcase name="Userslink" classname="com.maven1.com.demo.DashboardPageTest" time="0.458"/>
  <testcase name="clickJavaLink" classname="com.maven1.com.demo.DownloadPageTest" time="2.823"/>
  <testcase name="verifyDownloadLink" classname="com.maven1.com.demo.DashboardPageTest" time="0.744"/>
</testsuite>