<?xml version="1.0" encoding="UTF-8"?>
<!-- Generated by org.testng.reporters.JUnitReportReporter -->
<testsuite skipped="0" hostname="lapcare-PC" name="com.test.DashboardPageTest" tests="3" failures="0" timestamp="01 Jan 2021 04:36:19 GMT" time="4.583" errors="0">
  <testcase name="verifyCourses" time="0.403" classname="com.test.DashboardPageTest"/>
  <testcase name="Userslink" time="0.634" classname="com.test.DashboardPageTest"/>
  <testcase name="verifyDownloadLink" time="3.546" classname="com.test.DashboardPageTest"/>
</testsuite> <!-- com.test.DashboardPageTest -->
