<?xml version="1.0" encoding="UTF-8"?>
<!-- Generated by org.testng.reporters.JUnitReportReporter -->
<testsuite skipped="0" hostname="lapcare-PC" name="com.test.UserPageTest" tests="1" failures="0" timestamp="01 Jan 2021 04:36:19 GMT" time="4.993" errors="0">
  <testcase name="verifyDeleteButton" time="4.993" classname="com.test.UserPageTest"/>
</testsuite> <!-- com.test.UserPageTest -->
