<?xml version="1.0" encoding="UTF-8"?>
<!-- Generated by org.testng.reporters.JUnitReportReporter -->
<testsuite skipped="0" hostname="lapcare-PC" name="com.test.LoginTest" tests="1" failures="0" timestamp="01 Jan 2021 04:36:19 GMT" time="3.822" errors="0">
  <testcase name="loginTest" time="3.822" classname="com.test.LoginTest"/>
</testsuite> <!-- com.test.LoginTest -->
