<?xml version="1.0" encoding="UTF-8"?>
<!-- Generated by org.testng.reporters.JUnitReportReporter -->
<testsuite skipped="0" hostname="lapcare-PC" name="com.maven1.com.demo.LoginTest" tests="1" failures="0" timestamp="01 Jan 2021 08:20:15 GMT" time="3.022" errors="0">
  <testcase name="loginTest" time="3.022" classname="com.maven1.com.demo.LoginTest"/>
</testsuite> <!-- com.maven1.com.demo.LoginTest -->
