<?xml version="1.0" encoding="UTF-8"?>
<!-- Generated by org.testng.reporters.JUnitReportReporter -->
<testsuite skipped="0" hostname="lapcare-PC" name="com.maven1.com.demo.UserPageTest" tests="1" failures="0" timestamp="01 Jan 2021 08:20:15 GMT" time="5.160" errors="0">
  <testcase name="verifyDeleteButton" time="5.160" classname="com.maven1.com.demo.UserPageTest"/>
</testsuite> <!-- com.maven1.com.demo.UserPageTest -->
