<?xml version="1.0" encoding="UTF-8"?>
<!-- Generated by org.testng.reporters.JUnitReportReporter -->
<testsuite skipped="0" hostname="lapcare-PC" name="com.test.DownloadPageTest" tests="2" failures="0" timestamp="01 Jan 2021 04:36:19 GMT" time="9.026" errors="0">
  <testcase name="LinksVerify" time="2.079" classname="com.test.DownloadPageTest"/>
  <testcase name="clickJavaLink" time="6.947" classname="com.test.DownloadPageTest"/>
</testsuite> <!-- com.test.DownloadPageTest -->
