<?xml version="1.0" encoding="UTF-8"?>
<!-- Generated by org.testng.reporters.JUnitReportReporter -->
<testsuite skipped="0" hostname="lapcare-PC" name="com.maven1.com.demo.DashboardPageTest" tests="3" failures="0" timestamp="01 Jan 2021 08:20:15 GMT" time="2.411" errors="0">
  <testcase name="verifyCourses" time="0.674" classname="com.maven1.com.demo.DashboardPageTest"/>
  <testcase name="Userslink" time="0.304" classname="com.maven1.com.demo.DashboardPageTest"/>
  <testcase name="verifyDownloadLink" time="1.433" classname="com.maven1.com.demo.DashboardPageTest"/>
</testsuite> <!-- com.maven1.com.demo.DashboardPageTest -->
