<?xml version="1.0" encoding="UTF-8"?>
<!-- Generated by org.testng.reporters.JUnitReportReporter -->
<testsuite skipped="0" hostname="lapcare-PC" name="com.maven1.com.demo.DownloadPageTest" tests="2" failures="0" timestamp="01 Jan 2021 08:20:15 GMT" time="2.602" errors="0">
  <testcase name="LinksVerify" time="1.261" classname="com.maven1.com.demo.DownloadPageTest"/>
  <testcase name="clickJavaLink" time="1.341" classname="com.maven1.com.demo.DownloadPageTest"/>
</testsuite> <!-- com.maven1.com.demo.DownloadPageTest -->
