<?xml version="1.0" encoding="UTF-8"?>
<!-- Generated by org.testng.reporters.JUnitReportReporter -->
<testsuite skipped="0" hostname="lapcare-PC" name="com.maven1.com.demo.DashboardPageTest" tests="3" failures="0" timestamp="07 Jan 2021 03:05:59 GMT" time="2.001" errors="0">
  <testcase name="verifyCourses" time="0.802" classname="com.maven1.com.demo.DashboardPageTest"/>
  <testcase name="Userslink" time="0.454" classname="com.maven1.com.demo.DashboardPageTest"/>
  <testcase name="verifyDownloadLink" time="0.745" classname="com.maven1.com.demo.DashboardPageTest"/>
</testsuite> <!-- com.maven1.com.demo.DashboardPageTest -->
