<?xml version="1.0" encoding="UTF-8"?>
<!-- Generated by org.testng.reporters.JUnitReportReporter -->
<testsuite skipped="0" hostname="lapcare-PC" name="com.maven1.com.demo.LoginTest" tests="1" failures="0" timestamp="07 Jan 2021 03:05:59 GMT" time="5.636" errors="0">
  <testcase name="loginTest" time="5.636" classname="com.maven1.com.demo.LoginTest"/>
</testsuite> <!-- com.maven1.com.demo.LoginTest -->
