<?xml version="1.0" encoding="UTF-8"?>
<!-- Generated by org.testng.reporters.JUnitReportReporter -->
<testsuite skipped="0" hostname="lapcare-PC" name="com.maven1.com.demo.DownloadPageTest" tests="2" failures="0" timestamp="07 Jan 2021 03:05:59 GMT" time="4.570" errors="0">
  <testcase name="LinksVerify" time="1.749" classname="com.maven1.com.demo.DownloadPageTest"/>
  <testcase name="clickJavaLink" time="2.821" classname="com.maven1.com.demo.DownloadPageTest"/>
</testsuite> <!-- com.maven1.com.demo.DownloadPageTest -->
